<?xml version="1.0" encoding="UTF-8"?>
<!-- Generated by org.testng.reporters.JUnitXMLReporter -->
<testsuite ignored="7" hostname="DESKTOP-RLVQPSS" failures="0" tests="0" time="0.01" errors="0" timestamp="2020-05-17T19:08:47 IST">
  <testcase classname="com.demoqa.Test.DemoQA" name="TC005_SelectMenuTest" time="0.0">
    <ignored/>
  </testcase> <!-- TC005_SelectMenuTest -->
  <testcase classname="com.demoqa.Test.DemoQA" name="TC004_DatepickerTest" time="0.0">
    <ignored/>
  </testcase> <!-- TC004_DatepickerTest -->
  <testcase classname="com.demoqa.Test.DemoQA" name="TC006_001_Vertical_ControlGroupTest" time="0.0">
    <ignored/>
  </testcase> <!-- TC006_001_Vertical_ControlGroupTest -->
  <testcase classname="com.demoqa.Test.DemoQA" name="TC002_ContactFormTest" time="0.0">
    <ignored/>
  </testcase> <!-- TC002_ContactFormTest -->
  <testcase classname="com.demoqa.Test.DemoQA" name="TC006_Horizontal_ControlGroupTest" time="0.0">
    <ignored/>
  </testcase> <!-- TC006_Horizontal_ControlGroupTest -->
  <testcase classname="com.demoqa.Test.DemoQA" name="TC001_SelectableTest" time="0.0">
    <ignored/>
  </testcase> <!-- TC001_SelectableTest -->
  <testcase classname="com.demoqa.Test.DemoQA" name="TC003_DragAndDropTest" time="0.0">
    <ignored/>
  </testcase> <!-- TC003_DragAndDropTest -->
</testsuite>
