<?xml version="1.0" encoding="UTF-8"?>
<testng-results ignored="0" total="1" passed="1" failed="0" skipped="0">
  <reporter-output>
  </reporter-output>
  <suite started-at="2020-05-17T19:15:52 IST" name="Default suite" finished-at="2020-05-17T19:16:06 IST" duration-ms="13182">
    <groups>
    </groups>
    <test started-at="2020-05-17T19:15:52 IST" name="Default test" finished-at="2020-05-17T19:16:06 IST" duration-ms="13182">
      <class name="com.demoqa.Test.DemoQA">
        <test-method is-config="true" signature="setUp()[pri:0, instance:com.demoqa.Test.DemoQA@2ea227af]" started-at="2020-05-17T19:15:52 IST" name="setUp" finished-at="2020-05-17T19:16:00 IST" duration-ms="7968" status="PASS">
          <reporter-output>
          </reporter-output>
        </test-method> <!-- setUp -->
        <test-method signature="TC001_SelectableTest()[pri:0, instance:com.demoqa.Test.DemoQA@2ea227af]" started-at="2020-05-17T19:16:00 IST" name="TC001_SelectableTest" finished-at="2020-05-17T19:16:05 IST" duration-ms="4340" status="PASS">
          <reporter-output>
          </reporter-output>
        </test-method> <!-- TC001_SelectableTest -->
        <test-method is-config="true" signature="quitBrowser()[pri:0, instance:com.demoqa.Test.DemoQA@2ea227af]" started-at="2020-05-17T19:16:05 IST" name="quitBrowser" finished-at="2020-05-17T19:16:06 IST" duration-ms="832" status="PASS">
          <reporter-output>
          </reporter-output>
        </test-method> <!-- quitBrowser -->
      </class> <!-- com.demoqa.Test.DemoQA -->
    </test> <!-- Default test -->
  </suite> <!-- Default suite -->
</testng-results>
