<?xml version="1.0" encoding="UTF-8"?>
<testng-results ignored="0" total="1" passed="1" failed="0" skipped="0">
  <reporter-output>
  </reporter-output>
  <suite started-at="2020-05-13T15:06:10 IST" name="Default suite" finished-at="2020-05-13T15:07:12 IST" duration-ms="61889">
    <groups>
    </groups>
    <test started-at="2020-05-13T15:06:10 IST" name="Default test" finished-at="2020-05-13T15:07:12 IST" duration-ms="61889">
      <class name="com.olay.Test.germanyRegistrationTest">
        <test-method is-config="true" signature="setUp()[pri:0, instance:com.olay.Test.germanyRegistrationTest@5cee5251]" started-at="2020-05-13T15:06:10 IST" name="setUp" finished-at="2020-05-13T15:06:38 IST" duration-ms="27564" status="PASS">
          <reporter-output>
          </reporter-output>
        </test-method> <!-- setUp -->
        <test-method signature="UK_RegistrationUsingExcel()[pri:0, instance:com.olay.Test.germanyRegistrationTest@5cee5251]" started-at="2020-05-13T15:06:38 IST" name="UK_RegistrationUsingExcel" finished-at="2020-05-13T15:07:12 IST" duration-ms="34133" status="PASS">
          <reporter-output>
          </reporter-output>
        </test-method> <!-- UK_RegistrationUsingExcel -->
      </class> <!-- com.olay.Test.germanyRegistrationTest -->
    </test> <!-- Default test -->
  </suite> <!-- Default suite -->
</testng-results>
